<?xml version="1.0" encoding="UTF-8"?>
<!-- Generated by org.testng.reporters.JUnitXMLReporter -->
<testsuite hostname="TestingWorld-PC" name="Test" tests="4" failures="0" timestamp="7 Jun 2018 15:58:52 GMT" time="0.081" errors="0">
  <testcase name="test02" time="0.008" classname="login.A"/>
  <testcase name="test01" time="0.001" classname="login.A"/>
  <testcase name="test02" time="0.001" classname="login.B"/>
  <testcase name="test01" time="0.002" classname="login.B"/>
</testsuite> <!-- Test -->
