<?xml version="1.0" encoding="UTF-8"?>
<testng-results skipped="0" failed="0" total="4" passed="4">
  <reporter-output>
  </reporter-output>
  <suite name="Suite" duration-ms="81" started-at="2018-06-07T15:58:52Z" finished-at="2018-06-07T15:58:52Z">
    <groups>
    </groups>
    <test name="Test" duration-ms="81" started-at="2018-06-07T15:58:52Z" finished-at="2018-06-07T15:58:52Z">
      <class name="login.B">
        <test-method status="PASS" signature="st()[pri:0, instance:login.B@1ff8b8f]" name="st" is-config="true" duration-ms="0" started-at="2018-06-07T21:28:52Z" finished-at="2018-06-07T21:28:52Z">
          <reporter-output>
          </reporter-output>
        </test-method> <!-- st -->
        <test-method status="PASS" signature="test02()[pri:1, instance:login.B@1ff8b8f]" name="test02" duration-ms="1" started-at="2018-06-07T21:28:52Z" finished-at="2018-06-07T21:28:52Z">
          <reporter-output>
          </reporter-output>
        </test-method> <!-- test02 -->
        <test-method status="PASS" signature="af()[pri:0, instance:login.B@1ff8b8f]" name="af" is-config="true" duration-ms="1" started-at="2018-06-07T21:28:52Z" finished-at="2018-06-07T21:28:52Z">
          <reporter-output>
          </reporter-output>
        </test-method> <!-- af -->
        <test-method status="PASS" signature="st()[pri:0, instance:login.B@1ff8b8f]" name="st" is-config="true" duration-ms="1" started-at="2018-06-07T21:28:52Z" finished-at="2018-06-07T21:28:52Z">
          <reporter-output>
          </reporter-output>
        </test-method> <!-- st -->
        <test-method status="PASS" signature="test01()[pri:2, instance:login.B@1ff8b8f]" name="test01" duration-ms="2" started-at="2018-06-07T21:28:52Z" finished-at="2018-06-07T21:28:52Z">
          <reporter-output>
          </reporter-output>
        </test-method> <!-- test01 -->
        <test-method status="PASS" signature="af()[pri:0, instance:login.B@1ff8b8f]" name="af" is-config="true" duration-ms="1" started-at="2018-06-07T21:28:52Z" finished-at="2018-06-07T21:28:52Z">
          <reporter-output>
          </reporter-output>
        </test-method> <!-- af -->
      </class> <!-- login.B -->
      <class name="login.A">
        <test-method status="PASS" signature="st()[pri:0, instance:login.A@1bc6a36e]" name="st" is-config="true" duration-ms="19" started-at="2018-06-07T21:28:52Z" finished-at="2018-06-07T21:28:52Z">
          <reporter-output>
          </reporter-output>
        </test-method> <!-- st -->
        <test-method status="PASS" signature="test02()[pri:1, instance:login.A@1bc6a36e]" name="test02" duration-ms="8" started-at="2018-06-07T21:28:52Z" finished-at="2018-06-07T21:28:52Z">
          <reporter-output>
          </reporter-output>
        </test-method> <!-- test02 -->
        <test-method status="PASS" signature="af()[pri:0, instance:login.A@1bc6a36e]" name="af" is-config="true" duration-ms="1" started-at="2018-06-07T21:28:52Z" finished-at="2018-06-07T21:28:52Z">
          <reporter-output>
          </reporter-output>
        </test-method> <!-- af -->
        <test-method status="PASS" signature="test01()[pri:2, instance:login.A@1bc6a36e]" name="test01" duration-ms="1" started-at="2018-06-07T21:28:52Z" finished-at="2018-06-07T21:28:52Z">
          <reporter-output>
          </reporter-output>
        </test-method> <!-- test01 -->
        <test-method status="PASS" signature="st()[pri:0, instance:login.A@1bc6a36e]" name="st" is-config="true" duration-ms="0" started-at="2018-06-07T21:28:52Z" finished-at="2018-06-07T21:28:52Z">
          <reporter-output>
          </reporter-output>
        </test-method> <!-- st -->
        <test-method status="PASS" signature="af()[pri:0, instance:login.A@1bc6a36e]" name="af" is-config="true" duration-ms="0" started-at="2018-06-07T21:28:52Z" finished-at="2018-06-07T21:28:52Z">
          <reporter-output>
          </reporter-output>
        </test-method> <!-- af -->
      </class> <!-- login.A -->
    </test> <!-- Test -->
  </suite> <!-- Suite -->
</testng-results>
